<2019-09-25 13:11:28> <pool-1-thread-1> com.httpserver.Response.sendResponse(Response.java:102) 
<ERROR> outputStream写入数据为空

<2019-09-25 13:11:28> <pool-1-thread-1> com.httpserver.Response.sendResponse(Response.java:102) 
<ERROR> outputStream写入数据为空

<2019-09-25 13:11:43> <pool-1-thread-1> com.httpserver.Response.sendResponse(Response.java:102) 
<ERROR> outputStream写入数据为空

<2019-09-25 13:11:43> <pool-1-thread-1> com.httpserver.Response.sendResponse(Response.java:102) 
<ERROR> outputStream写入数据为空

<2019-09-25 13:45:26> <pool-1-thread-11> com.httpserver.Response.sendResponse(Response.java:102) 
<ERROR> outputStream写入数据为空

<2019-09-25 13:45:26> <pool-1-thread-11> com.httpserver.Response.sendResponse(Response.java:102) 
<ERROR> outputStream写入数据为空

<2019-09-25 13:46:27> <pool-1-thread-1> com.httpserver.Response.sendResponse(Response.java:102) 
<ERROR> outputStream写入数据为空

<2019-09-25 13:46:27> <pool-1-thread-1> com.httpserver.Response.sendResponse(Response.java:102) 
<ERROR> outputStream写入数据为空

<2019-09-25 13:47:14> <pool-1-thread-2> com.httpserver.Response.sendResponse(Response.java:102) 
<ERROR> outputStream写入数据为空

<2019-09-25 13:47:14> <pool-1-thread-2> com.httpserver.Response.sendResponse(Response.java:102) 
<ERROR> outputStream写入数据为空

<2019-09-25 13:47:31> <pool-1-thread-2> com.httpserver.Response.sendResponse(Response.java:102) 
<ERROR> outputStream写入数据为空

<2019-09-25 13:47:31> <pool-1-thread-2> com.httpserver.Response.sendResponse(Response.java:102) 
<ERROR> outputStream写入数据为空

<2019-09-25 13:48:23> <pool-1-thread-2> com.httpserver.Response.sendResponse(Response.java:102) 
<ERROR> outputStream写入数据为空

<2019-09-25 13:48:23> <pool-1-thread-2> com.httpserver.Response.sendResponse(Response.java:102) 
<ERROR> outputStream写入数据为空

<2019-09-25 14:45:30> <pool-1-thread-4> com.filemanager.FileManage.sendContent(FileManage.java:118) 
<ERROR> 读入文件输出异常

java.io.FileNotFoundException: FileOpen.Action (系统找不到指定的文件。)
	at java.io.FileInputStream.open0(Native Method)
	at java.io.FileInputStream.open(FileInputStream.java:195)
	at java.io.FileInputStream.<init>(FileInputStream.java:138)
	at com.filemanager.FileManage.sendContent(FileManage.java:114)
	at sun.reflect.NativeMethodAccessorImpl.invoke0(Native Method)
	at sun.reflect.NativeMethodAccessorImpl.invoke(NativeMethodAccessorImpl.java:62)
	at sun.reflect.DelegatingMethodAccessorImpl.invoke(DelegatingMethodAccessorImpl.java:43)
	at java.lang.reflect.Method.invoke(Method.java:497)
	at com.httpserver.CenterServlet.service(CenterServlet.java:43)
	at com.httpserver.ProcessThread.run(ProcessThread.java:43)
	at java.util.concurrent.ThreadPoolExecutor.runWorker(ThreadPoolExecutor.java:1142)
	at java.util.concurrent.ThreadPoolExecutor$Worker.run(ThreadPoolExecutor.java:617)
	at java.lang.Thread.run(Thread.java:745)
<2019-09-25 14:45:30> <pool-1-thread-4> com.httpserver.Response.sendResponse(Response.java:102) 
<ERROR> outputStream写入数据为空

<2019-09-25 14:49:23> <pool-1-thread-10> com.filemanager.FileManage.sendContent(FileManage.java:118) 
<ERROR> 读入文件输出异常

java.io.FileNotFoundException: FileOpen.Action (系统找不到指定的文件。)
	at java.io.FileInputStream.open0(Native Method)
	at java.io.FileInputStream.open(FileInputStream.java:195)
	at java.io.FileInputStream.<init>(FileInputStream.java:138)
	at com.filemanager.FileManage.sendContent(FileManage.java:114)
	at sun.reflect.NativeMethodAccessorImpl.invoke0(Native Method)
	at sun.reflect.NativeMethodAccessorImpl.invoke(NativeMethodAccessorImpl.java:62)
	at sun.reflect.DelegatingMethodAccessorImpl.invoke(DelegatingMethodAccessorImpl.java:43)
	at java.lang.reflect.Method.invoke(Method.java:497)
	at com.httpserver.CenterServlet.service(CenterServlet.java:43)
	at com.httpserver.ProcessThread.run(ProcessThread.java:43)
	at java.util.concurrent.ThreadPoolExecutor.runWorker(ThreadPoolExecutor.java:1142)
	at java.util.concurrent.ThreadPoolExecutor$Worker.run(ThreadPoolExecutor.java:617)
	at java.lang.Thread.run(Thread.java:745)
<2019-09-25 14:49:23> <pool-1-thread-10> com.httpserver.Response.sendResponse(Response.java:102) 
<ERROR> outputStream写入数据为空

<2019-09-25 15:06:04> <pool-1-thread-5> com.filemanager.FileManage.sendContent(FileManage.java:119) 
<ERROR> 读入文件输出异常

java.io.FileNotFoundException: FileOpen.Action (系统找不到指定的文件。)
	at java.io.FileInputStream.open0(Native Method)
	at java.io.FileInputStream.open(FileInputStream.java:195)
	at java.io.FileInputStream.<init>(FileInputStream.java:138)
	at com.filemanager.FileManage.sendContent(FileManage.java:115)
	at sun.reflect.NativeMethodAccessorImpl.invoke0(Native Method)
	at sun.reflect.NativeMethodAccessorImpl.invoke(NativeMethodAccessorImpl.java:62)
	at sun.reflect.DelegatingMethodAccessorImpl.invoke(DelegatingMethodAccessorImpl.java:43)
	at java.lang.reflect.Method.invoke(Method.java:497)
	at com.httpserver.CenterServlet.service(CenterServlet.java:43)
	at com.httpserver.ProcessThread.run(ProcessThread.java:43)
	at java.util.concurrent.ThreadPoolExecutor.runWorker(ThreadPoolExecutor.java:1142)
	at java.util.concurrent.ThreadPoolExecutor$Worker.run(ThreadPoolExecutor.java:617)
	at java.lang.Thread.run(Thread.java:745)
<2019-09-25 15:06:04> <pool-1-thread-5> com.httpserver.Response.sendResponse(Response.java:102) 
<ERROR> outputStream写入数据为空

<2019-09-25 15:06:17> <pool-1-thread-5> com.filemanager.FileManage.sendContent(FileManage.java:119) 
<ERROR> 读入文件输出异常

java.io.FileNotFoundException: FileOpen.Action (系统找不到指定的文件。)
	at java.io.FileInputStream.open0(Native Method)
	at java.io.FileInputStream.open(FileInputStream.java:195)
	at java.io.FileInputStream.<init>(FileInputStream.java:138)
	at com.filemanager.FileManage.sendContent(FileManage.java:115)
	at sun.reflect.NativeMethodAccessorImpl.invoke0(Native Method)
	at sun.reflect.NativeMethodAccessorImpl.invoke(NativeMethodAccessorImpl.java:62)
	at sun.reflect.DelegatingMethodAccessorImpl.invoke(DelegatingMethodAccessorImpl.java:43)
	at java.lang.reflect.Method.invoke(Method.java:497)
	at com.httpserver.CenterServlet.service(CenterServlet.java:43)
	at com.httpserver.ProcessThread.run(ProcessThread.java:43)
	at java.util.concurrent.ThreadPoolExecutor.runWorker(ThreadPoolExecutor.java:1142)
	at java.util.concurrent.ThreadPoolExecutor$Worker.run(ThreadPoolExecutor.java:617)
	at java.lang.Thread.run(Thread.java:745)
<2019-09-25 15:06:17> <pool-1-thread-5> com.httpserver.Response.sendResponse(Response.java:102) 
<ERROR> outputStream写入数据为空

